<?xml version="1.0" encoding="UTF-8"?>
<!-- Generated by org.testng.reporters.JUnitReportReporter -->
<testsuite skipped="0" name="com.tys.tests.HomeTest" tests="1" failures="0" timestamp="15 Sep 2017 10:03:05 GMT" time="27.594" errors="0">
  <testcase name="testValidLoginLogout" time="27.594" classname="com.tys.tests.HomeTest"/>
</testsuite> <!-- com.tys.tests.HomeTest -->
